<?xml version="1.0" encoding="UTF-8"?>
<testsuite xmlns:xsi="http://www.w3.org/2001/XMLSchema-instance" xsi:noNamespaceSchemaLocation="https://maven.apache.org/surefire/maven-surefire-plugin/xsd/surefire-test-report.xsd" name="guru.sfg.beer.inventory.service.BeerInventoryApplicationTests" time="32.747" tests="1" errors="0" skipped="0" failures="0">
  <properties>
    <property name="sun.desktop" value="windows"/>
    <property name="awt.toolkit" value="sun.awt.windows.WToolkit"/>
    <property name="java.specification.version" value="11"/>
    <property name="sun.cpu.isalist" value="amd64"/>
    <property name="sun.jnu.encoding" value="GBK"/>
    <property name="java.class.path" value="C:\Users\Frido\spring\micro\mssc-brewery-ws\mssc-beer-inventory-service\target\test-classes;C:\Users\Frido\spring\micro\mssc-brewery-ws\mssc-beer-inventory-service\target\classes;C:\Users\Frido\.m2\repository\org\springframework\boot\spring-boot-starter-artemis\2.3.0.RELEASE\spring-boot-starter-artemis-2.3.0.RELEASE.jar;C:\Users\Frido\.m2\repository\jakarta\jms\jakarta.jms-api\2.0.3\jakarta.jms-api-2.0.3.jar;C:\Users\Frido\.m2\repository\jakarta\json\jakarta.json-api\1.1.6\jakarta.json-api-1.1.6.jar;C:\Users\Frido\.m2\repository\org\springframework\spring-jms\5.2.6.RELEASE\spring-jms-5.2.6.RELEASE.jar;C:\Users\Frido\.m2\repository\org\springframework\spring-beans\5.2.6.RELEASE\spring-beans-5.2.6.RELEASE.jar;C:\Users\Frido\.m2\repository\org\apache\activemq\artemis-jms-client\2.12.0\artemis-jms-client-2.12.0.jar;C:\Users\Frido\.m2\repository\org\apache\activemq\artemis-core-client\2.12.0\artemis-core-client-2.12.0.jar;C:\Users\Frido\.m2\repository\org\jgroups\jgroups\3.6.13.Final\jgroups-3.6.13.Final.jar;C:\Users\Frido\.m2\repository\org\apache\johnzon\johnzon-core\1.2.5\johnzon-core-1.2.5.jar;C:\Users\Frido\.m2\repository\io\netty\netty-transport-native-epoll\4.1.49.Final\netty-transport-native-epoll-4.1.49.Final-linux-x86_64.jar;C:\Users\Frido\.m2\repository\io\netty\netty-transport-native-unix-common\4.1.49.Final\netty-transport-native-unix-common-4.1.49.Final.jar;C:\Users\Frido\.m2\repository\io\netty\netty-transport-native-kqueue\4.1.49.Final\netty-transport-native-kqueue-4.1.49.Final-osx-x86_64.jar;C:\Users\Frido\.m2\repository\io\netty\netty-codec-http\4.1.49.Final\netty-codec-http-4.1.49.Final.jar;C:\Users\Frido\.m2\repository\io\netty\netty-buffer\4.1.49.Final\netty-buffer-4.1.49.Final.jar;C:\Users\Frido\.m2\repository\io\netty\netty-transport\4.1.49.Final\netty-transport-4.1.49.Final.jar;C:\Users\Frido\.m2\repository\io\netty\netty-resolver\4.1.49.Final\netty-resolver-4.1.49.Final.jar;C:\Users\Frido\.m2\repository\io\netty\netty-handler\4.1.49.Final\netty-handler-4.1.49.Final.jar;C:\Users\Frido\.m2\repository\io\netty\netty-handler-proxy\4.1.49.Final\netty-handler-proxy-4.1.49.Final.jar;C:\Users\Frido\.m2\repository\io\netty\netty-codec\4.1.49.Final\netty-codec-4.1.49.Final.jar;C:\Users\Frido\.m2\repository\io\netty\netty-codec-socks\4.1.49.Final\netty-codec-socks-4.1.49.Final.jar;C:\Users\Frido\.m2\repository\io\netty\netty-common\4.1.49.Final\netty-common-4.1.49.Final.jar;C:\Users\Frido\.m2\repository\org\apache\activemq\artemis-commons\2.12.0\artemis-commons-2.12.0.jar;C:\Users\Frido\.m2\repository\commons-beanutils\commons-beanutils\1.9.4\commons-beanutils-1.9.4.jar;C:\Users\Frido\.m2\repository\org\apache\activemq\artemis-selector\2.12.0\artemis-selector-2.12.0.jar;C:\Users\Frido\.m2\repository\org\springframework\boot\spring-boot-starter-web\2.3.0.RELEASE\spring-boot-starter-web-2.3.0.RELEASE.jar;C:\Users\Frido\.m2\repository\org\springframework\boot\spring-boot-starter-json\2.3.0.RELEASE\spring-boot-starter-json-2.3.0.RELEASE.jar;C:\Users\Frido\.m2\repository\com\fasterxml\jackson\datatype\jackson-datatype-jsr310\2.11.0\jackson-datatype-jsr310-2.11.0.jar;C:\Users\Frido\.m2\repository\com\fasterxml\jackson\module\jackson-module-parameter-names\2.11.0\jackson-module-parameter-names-2.11.0.jar;C:\Users\Frido\.m2\repository\org\springframework\boot\spring-boot-starter-tomcat\2.3.0.RELEASE\spring-boot-starter-tomcat-2.3.0.RELEASE.jar;C:\Users\Frido\.m2\repository\org\apache\tomcat\embed\tomcat-embed-core\9.0.35\tomcat-embed-core-9.0.35.jar;C:\Users\Frido\.m2\repository\org\glassfish\jakarta.el\3.0.3\jakarta.el-3.0.3.jar;C:\Users\Frido\.m2\repository\org\apache\tomcat\embed\tomcat-embed-websocket\9.0.35\tomcat-embed-websocket-9.0.35.jar;C:\Users\Frido\.m2\repository\org\springframework\spring-web\5.2.6.RELEASE\spring-web-5.2.6.RELEASE.jar;C:\Users\Frido\.m2\repository\org\springframework\spring-webmvc\5.2.6.RELEASE\spring-webmvc-5.2.6.RELEASE.jar;C:\Users\Frido\.m2\repository\org\springframework\spring-aop\5.2.6.RELEASE\spring-aop-5.2.6.RELEASE.jar;C:\Users\Frido\.m2\repository\org\springframework\spring-context\5.2.6.RELEASE\spring-context-5.2.6.RELEASE.jar;C:\Users\Frido\.m2\repository\org\springframework\spring-expression\5.2.6.RELEASE\spring-expression-5.2.6.RELEASE.jar;C:\Users\Frido\.m2\repository\org\springframework\boot\spring-boot-starter-data-jpa\2.3.0.RELEASE\spring-boot-starter-data-jpa-2.3.0.RELEASE.jar;C:\Users\Frido\.m2\repository\org\springframework\boot\spring-boot-starter-aop\2.3.0.RELEASE\spring-boot-starter-aop-2.3.0.RELEASE.jar;C:\Users\Frido\.m2\repository\org\aspectj\aspectjweaver\1.9.5\aspectjweaver-1.9.5.jar;C:\Users\Frido\.m2\repository\org\springframework\boot\spring-boot-starter-jdbc\2.3.0.RELEASE\spring-boot-starter-jdbc-2.3.0.RELEASE.jar;C:\Users\Frido\.m2\repository\com\zaxxer\HikariCP\3.4.5\HikariCP-3.4.5.jar;C:\Users\Frido\.m2\repository\org\springframework\spring-jdbc\5.2.6.RELEASE\spring-jdbc-5.2.6.RELEASE.jar;C:\Users\Frido\.m2\repository\jakarta\transaction\jakarta.transaction-api\1.3.3\jakarta.transaction-api-1.3.3.jar;C:\Users\Frido\.m2\repository\jakarta\persistence\jakarta.persistence-api\2.2.3\jakarta.persistence-api-2.2.3.jar;C:\Users\Frido\.m2\repository\org\hibernate\hibernate-core\5.4.15.Final\hibernate-core-5.4.15.Final.jar;C:\Users\Frido\.m2\repository\org\jboss\logging\jboss-logging\3.4.1.Final\jboss-logging-3.4.1.Final.jar;C:\Users\Frido\.m2\repository\org\javassist\javassist\3.24.0-GA\javassist-3.24.0-GA.jar;C:\Users\Frido\.m2\repository\net\bytebuddy\byte-buddy\1.10.10\byte-buddy-1.10.10.jar;C:\Users\Frido\.m2\repository\antlr\antlr\2.7.7\antlr-2.7.7.jar;C:\Users\Frido\.m2\repository\org\jboss\jandex\2.1.3.Final\jandex-2.1.3.Final.jar;C:\Users\Frido\.m2\repository\com\fasterxml\classmate\1.5.1\classmate-1.5.1.jar;C:\Users\Frido\.m2\repository\org\dom4j\dom4j\2.1.3\dom4j-2.1.3.jar;C:\Users\Frido\.m2\repository\org\hibernate\common\hibernate-commons-annotations\5.1.0.Final\hibernate-commons-annotations-5.1.0.Final.jar;C:\Users\Frido\.m2\repository\org\glassfish\jaxb\jaxb-runtime\2.3.3\jaxb-runtime-2.3.3.jar;C:\Users\Frido\.m2\repository\org\glassfish\jaxb\txw2\2.3.3\txw2-2.3.3.jar;C:\Users\Frido\.m2\repository\com\sun\istack\istack-commons-runtime\3.0.11\istack-commons-runtime-3.0.11.jar;C:\Users\Frido\.m2\repository\com\sun\activation\jakarta.activation\1.2.2\jakarta.activation-1.2.2.jar;C:\Users\Frido\.m2\repository\org\springframework\data\spring-data-jpa\2.3.0.RELEASE\spring-data-jpa-2.3.0.RELEASE.jar;C:\Users\Frido\.m2\repository\org\springframework\data\spring-data-commons\2.3.0.RELEASE\spring-data-commons-2.3.0.RELEASE.jar;C:\Users\Frido\.m2\repository\org\springframework\spring-orm\5.2.6.RELEASE\spring-orm-5.2.6.RELEASE.jar;C:\Users\Frido\.m2\repository\org\springframework\spring-aspects\5.2.6.RELEASE\spring-aspects-5.2.6.RELEASE.jar;C:\Users\Frido\.m2\repository\com\h2database\h2\1.4.200\h2-1.4.200.jar;C:\Users\Frido\.m2\repository\mysql\mysql-connector-java\8.0.20\mysql-connector-java-8.0.20.jar;C:\Users\Frido\.m2\repository\org\springframework\cloud\spring-cloud-starter-netflix-eureka-client\2.2.2.RELEASE\spring-cloud-starter-netflix-eureka-client-2.2.2.RELEASE.jar;C:\Users\Frido\.m2\repository\org\springframework\cloud\spring-cloud-starter\2.2.2.RELEASE\spring-cloud-starter-2.2.2.RELEASE.jar;C:\Users\Frido\.m2\repository\org\springframework\cloud\spring-cloud-context\2.2.2.RELEASE\spring-cloud-context-2.2.2.RELEASE.jar;C:\Users\Frido\.m2\repository\org\springframework\security\spring-security-crypto\5.3.2.RELEASE\spring-security-crypto-5.3.2.RELEASE.jar;C:\Users\Frido\.m2\repository\org\springframework\cloud\spring-cloud-commons\2.2.2.RELEASE\spring-cloud-commons-2.2.2.RELEASE.jar;C:\Users\Frido\.m2\repository\org\springframework\security\spring-security-rsa\1.0.9.RELEASE\spring-security-rsa-1.0.9.RELEASE.jar;C:\Users\Frido\.m2\repository\org\bouncycastle\bcpkix-jdk15on\1.64\bcpkix-jdk15on-1.64.jar;C:\Users\Frido\.m2\repository\org\bouncycastle\bcprov-jdk15on\1.64\bcprov-jdk15on-1.64.jar;C:\Users\Frido\.m2\repository\org\springframework\cloud\spring-cloud-netflix-hystrix\2.2.2.RELEASE\spring-cloud-netflix-hystrix-2.2.2.RELEASE.jar;C:\Users\Frido\.m2\repository\org\springframework\cloud\spring-cloud-netflix-eureka-client\2.2.2.RELEASE\spring-cloud-netflix-eureka-client-2.2.2.RELEASE.jar;C:\Users\Frido\.m2\repository\com\netflix\eureka\eureka-client\1.9.17\eureka-client-1.9.17.jar;C:\Users\Frido\.m2\repository\org\codehaus\jettison\jettison\1.3.7\jettison-1.3.7.jar;C:\Users\Frido\.m2\repository\stax\stax-api\1.0.1\stax-api-1.0.1.jar;C:\Users\Frido\.m2\repository\com\netflix\netflix-commons\netflix-eventbus\0.3.0\netflix-eventbus-0.3.0.jar;C:\Users\Frido\.m2\repository\com\netflix\netflix-commons\netflix-infix\0.3.0\netflix-infix-0.3.0.jar;C:\Users\Frido\.m2\repository\commons-jxpath\commons-jxpath\1.3\commons-jxpath-1.3.jar;C:\Users\Frido\.m2\repository\org\antlr\antlr-runtime\3.4\antlr-runtime-3.4.jar;C:\Users\Frido\.m2\repository\org\antlr\stringtemplate\3.2.1\stringtemplate-3.2.1.jar;C:\Users\Frido\.m2\repository\com\google\code\gson\gson\2.8.6\gson-2.8.6.jar;C:\Users\Frido\.m2\repository\org\apache\commons\commons-math\2.2\commons-math-2.2.jar;C:\Users\Frido\.m2\repository\com\netflix\archaius\archaius-core\0.7.6\archaius-core-0.7.6.jar;C:\Users\Frido\.m2\repository\javax\ws\rs\jsr311-api\1.1.1\jsr311-api-1.1.1.jar;C:\Users\Frido\.m2\repository\com\netflix\servo\servo-core\0.12.21\servo-core-0.12.21.jar;C:\Users\Frido\.m2\repository\com\sun\jersey\jersey-core\1.19.1\jersey-core-1.19.1.jar;C:\Users\Frido\.m2\repository\com\sun\jersey\jersey-client\1.19.1\jersey-client-1.19.1.jar;C:\Users\Frido\.m2\repository\com\sun\jersey\contribs\jersey-apache-client4\1.19.1\jersey-apache-client4-1.19.1.jar;C:\Users\Frido\.m2\repository\org\apache\httpcomponents\httpclient\4.5.12\httpclient-4.5.12.jar;C:\Users\Frido\.m2\repository\org\apache\httpcomponents\httpcore\4.4.13\httpcore-4.4.13.jar;C:\Users\Frido\.m2\repository\commons-codec\commons-codec\1.14\commons-codec-1.14.jar;C:\Users\Frido\.m2\repository\com\google\inject\guice\4.1.0\guice-4.1.0.jar;C:\Users\Frido\.m2\repository\javax\inject\javax.inject\1\javax.inject-1.jar;C:\Users\Frido\.m2\repository\aopalliance\aopalliance\1.0\aopalliance-1.0.jar;C:\Users\Frido\.m2\repository\com\fasterxml\jackson\core\jackson-annotations\2.11.0\jackson-annotations-2.11.0.jar;C:\Users\Frido\.m2\repository\com\fasterxml\jackson\core\jackson-core\2.11.0\jackson-core-2.11.0.jar;C:\Users\Frido\.m2\repository\com\netflix\eureka\eureka-core\1.9.17\eureka-core-1.9.17.jar;C:\Users\Frido\.m2\repository\com\fasterxml\woodstox\woodstox-core\5.2.1\woodstox-core-5.2.1.jar;C:\Users\Frido\.m2\repository\org\codehaus\woodstox\stax2-api\4.2\stax2-api-4.2.jar;C:\Users\Frido\.m2\repository\org\springframework\cloud\spring-cloud-starter-netflix-archaius\2.2.2.RELEASE\spring-cloud-starter-netflix-archaius-2.2.2.RELEASE.jar;C:\Users\Frido\.m2\repository\org\springframework\cloud\spring-cloud-netflix-ribbon\2.2.2.RELEASE\spring-cloud-netflix-ribbon-2.2.2.RELEASE.jar;C:\Users\Frido\.m2\repository\org\springframework\cloud\spring-cloud-netflix-archaius\2.2.2.RELEASE\spring-cloud-netflix-archaius-2.2.2.RELEASE.jar;C:\Users\Frido\.m2\repository\commons-configuration\commons-configuration\1.8\commons-configuration-1.8.jar;C:\Users\Frido\.m2\repository\commons-lang\commons-lang\2.6\commons-lang-2.6.jar;C:\Users\Frido\.m2\repository\org\springframework\cloud\spring-cloud-starter-netflix-ribbon\2.2.2.RELEASE\spring-cloud-starter-netflix-ribbon-2.2.2.RELEASE.jar;C:\Users\Frido\.m2\repository\com\netflix\ribbon\ribbon\2.3.0\ribbon-2.3.0.jar;C:\Users\Frido\.m2\repository\com\netflix\ribbon\ribbon-transport\2.3.0\ribbon-transport-2.3.0.jar;C:\Users\Frido\.m2\repository\io\reactivex\rxnetty-contexts\0.4.9\rxnetty-contexts-0.4.9.jar;C:\Users\Frido\.m2\repository\io\reactivex\rxnetty-servo\0.4.9\rxnetty-servo-0.4.9.jar;C:\Users\Frido\.m2\repository\com\netflix\hystrix\hystrix-core\1.5.18\hystrix-core-1.5.18.jar;C:\Users\Frido\.m2\repository\io\reactivex\rxnetty\0.4.9\rxnetty-0.4.9.jar;C:\Users\Frido\.m2\repository\com\netflix\ribbon\ribbon-core\2.3.0\ribbon-core-2.3.0.jar;C:\Users\Frido\.m2\repository\com\netflix\ribbon\ribbon-httpclient\2.3.0\ribbon-httpclient-2.3.0.jar;C:\Users\Frido\.m2\repository\commons-collections\commons-collections\3.2.2\commons-collections-3.2.2.jar;C:\Users\Frido\.m2\repository\com\netflix\netflix-commons\netflix-commons-util\0.3.0\netflix-commons-util-0.3.0.jar;C:\Users\Frido\.m2\repository\com\netflix\ribbon\ribbon-loadbalancer\2.3.0\ribbon-loadbalancer-2.3.0.jar;C:\Users\Frido\.m2\repository\com\netflix\netflix-commons\netflix-statistics\0.1.1\netflix-statistics-0.1.1.jar;C:\Users\Frido\.m2\repository\io\reactivex\rxjava\1.3.8\rxjava-1.3.8.jar;C:\Users\Frido\.m2\repository\org\springframework\cloud\spring-cloud-starter-loadbalancer\2.2.2.RELEASE\spring-cloud-starter-loadbalancer-2.2.2.RELEASE.jar;C:\Users\Frido\.m2\repository\org\springframework\cloud\spring-cloud-loadbalancer\2.2.2.RELEASE\spring-cloud-loadbalancer-2.2.2.RELEASE.jar;C:\Users\Frido\.m2\repository\io\projectreactor\reactor-core\3.3.5.RELEASE\reactor-core-3.3.5.RELEASE.jar;C:\Users\Frido\.m2\repository\org\reactivestreams\reactive-streams\1.0.3\reactive-streams-1.0.3.jar;C:\Users\Frido\.m2\repository\io\projectreactor\addons\reactor-extra\3.3.3.RELEASE\reactor-extra-3.3.3.RELEASE.jar;C:\Users\Frido\.m2\repository\org\springframework\boot\spring-boot-starter-cache\2.3.0.RELEASE\spring-boot-starter-cache-2.3.0.RELEASE.jar;C:\Users\Frido\.m2\repository\org\springframework\spring-context-support\5.2.6.RELEASE\spring-context-support-5.2.6.RELEASE.jar;C:\Users\Frido\.m2\repository\com\stoyanr\evictor\1.0.0\evictor-1.0.0.jar;C:\Users\Frido\.m2\repository\com\netflix\ribbon\ribbon-eureka\2.3.0\ribbon-eureka-2.3.0.jar;C:\Users\Frido\.m2\repository\com\thoughtworks\xstream\xstream\1.4.11.1\xstream-1.4.11.1.jar;C:\Users\Frido\.m2\repository\xmlpull\xmlpull\1.1.3.1\xmlpull-1.1.3.1.jar;C:\Users\Frido\.m2\repository\xpp3\xpp3_min\1.1.4c\xpp3_min-1.1.4c.jar;C:\Users\Frido\.m2\repository\org\springframework\cloud\spring-cloud-starter-config\2.2.2.RELEASE\spring-cloud-starter-config-2.2.2.RELEASE.jar;C:\Users\Frido\.m2\repository\org\springframework\cloud\spring-cloud-config-client\2.2.2.RELEASE\spring-cloud-config-client-2.2.2.RELEASE.jar;C:\Users\Frido\.m2\repository\com\fasterxml\jackson\core\jackson-databind\2.11.0\jackson-databind-2.11.0.jar;C:\Users\Frido\.m2\repository\net\logstash\logback\logstash-logback-encoder\6.3\logstash-logback-encoder-6.3.jar;C:\Users\Frido\.m2\repository\org\springframework\cloud\spring-cloud-starter-zipkin\2.2.2.RELEASE\spring-cloud-starter-zipkin-2.2.2.RELEASE.jar;C:\Users\Frido\.m2\repository\org\springframework\cloud\spring-cloud-starter-sleuth\2.2.2.RELEASE\spring-cloud-starter-sleuth-2.2.2.RELEASE.jar;C:\Users\Frido\.m2\repository\org\springframework\cloud\spring-cloud-sleuth-core\2.2.2.RELEASE\spring-cloud-sleuth-core-2.2.2.RELEASE.jar;C:\Users\Frido\.m2\repository\org\aspectj\aspectjrt\1.9.5\aspectjrt-1.9.5.jar;C:\Users\Frido\.m2\repository\io\zipkin\brave\brave\5.10.1\brave-5.10.1.jar;C:\Users\Frido\.m2\repository\io\zipkin\brave\brave-context-log4j2\5.10.1\brave-context-log4j2-5.10.1.jar;C:\Users\Frido\.m2\repository\io\zipkin\brave\brave-instrumentation-messaging\5.10.1\brave-instrumentation-messaging-5.10.1.jar;C:\Users\Frido\.m2\repository\io\zipkin\brave\brave-instrumentation-rpc\5.10.1\brave-instrumentation-rpc-5.10.1.jar;C:\Users\Frido\.m2\repository\io\zipkin\brave\brave-instrumentation-spring-web\5.10.1\brave-instrumentation-spring-web-5.10.1.jar;C:\Users\Frido\.m2\repository\io\zipkin\brave\brave-instrumentation-http\5.10.1\brave-instrumentation-http-5.10.1.jar;C:\Users\Frido\.m2\repository\io\zipkin\brave\brave-instrumentation-spring-rabbit\5.10.1\brave-instrumentation-spring-rabbit-5.10.1.jar;C:\Users\Frido\.m2\repository\io\zipkin\brave\brave-instrumentation-kafka-clients\5.10.1\brave-instrumentation-kafka-clients-5.10.1.jar;C:\Users\Frido\.m2\repository\io\zipkin\brave\brave-instrumentation-kafka-streams\5.10.1\brave-instrumentation-kafka-streams-5.10.1.jar;C:\Users\Frido\.m2\repository\io\zipkin\brave\brave-instrumentation-httpclient\5.10.1\brave-instrumentation-httpclient-5.10.1.jar;C:\Users\Frido\.m2\repository\io\zipkin\brave\brave-instrumentation-httpasyncclient\5.10.1\brave-instrumentation-httpasyncclient-5.10.1.jar;C:\Users\Frido\.m2\repository\io\zipkin\brave\brave-instrumentation-spring-webmvc\5.10.1\brave-instrumentation-spring-webmvc-5.10.1.jar;C:\Users\Frido\.m2\repository\io\zipkin\brave\brave-instrumentation-servlet\5.10.1\brave-instrumentation-servlet-5.10.1.jar;C:\Users\Frido\.m2\repository\io\zipkin\brave\brave-instrumentation-jms\5.10.1\brave-instrumentation-jms-5.10.1.jar;C:\Users\Frido\.m2\repository\io\zipkin\reporter2\zipkin-reporter-metrics-micrometer\2.12.1\zipkin-reporter-metrics-micrometer-2.12.1.jar;C:\Users\Frido\.m2\repository\org\springframework\cloud\spring-cloud-sleuth-zipkin\2.2.2.RELEASE\spring-cloud-sleuth-zipkin-2.2.2.RELEASE.jar;C:\Users\Frido\.m2\repository\io\zipkin\zipkin2\zipkin\2.19.3\zipkin-2.19.3.jar;C:\Users\Frido\.m2\repository\io\zipkin\reporter2\zipkin-reporter\2.12.1\zipkin-reporter-2.12.1.jar;C:\Users\Frido\.m2\repository\io\zipkin\reporter2\zipkin-sender-kafka\2.12.1\zipkin-sender-kafka-2.12.1.jar;C:\Users\Frido\.m2\repository\io\zipkin\reporter2\zipkin-sender-activemq-client\2.12.1\zipkin-sender-activemq-client-2.12.1.jar;C:\Users\Frido\.m2\repository\io\zipkin\reporter2\zipkin-sender-amqp-client\2.12.1\zipkin-sender-amqp-client-2.12.1.jar;C:\Users\Frido\.m2\repository\javax\validation\validation-api\2.0.1.Final\validation-api-2.0.1.Final.jar;C:\Users\Frido\.m2\repository\javax\xml\bind\jaxb-api\2.3.0\jaxb-api-2.3.0.jar;C:\Users\Frido\.m2\repository\com\sun\xml\bind\jaxb-core\2.3.0\jaxb-core-2.3.0.jar;C:\Users\Frido\.m2\repository\com\sun\xml\bind\jaxb-impl\2.3.0\jaxb-impl-2.3.0.jar;C:\Users\Frido\.m2\repository\org\springframework\boot\spring-boot-starter\2.3.0.RELEASE\spring-boot-starter-2.3.0.RELEASE.jar;C:\Users\Frido\.m2\repository\org\springframework\boot\spring-boot\2.3.0.RELEASE\spring-boot-2.3.0.RELEASE.jar;C:\Users\Frido\.m2\repository\org\springframework\boot\spring-boot-autoconfigure\2.3.0.RELEASE\spring-boot-autoconfigure-2.3.0.RELEASE.jar;C:\Users\Frido\.m2\repository\org\springframework\boot\spring-boot-starter-logging\2.3.0.RELEASE\spring-boot-starter-logging-2.3.0.RELEASE.jar;C:\Users\Frido\.m2\repository\ch\qos\logback\logback-classic\1.2.3\logback-classic-1.2.3.jar;C:\Users\Frido\.m2\repository\ch\qos\logback\logback-core\1.2.3\logback-core-1.2.3.jar;C:\Users\Frido\.m2\repository\org\apache\logging\log4j\log4j-to-slf4j\2.13.2\log4j-to-slf4j-2.13.2.jar;C:\Users\Frido\.m2\repository\org\apache\logging\log4j\log4j-api\2.13.2\log4j-api-2.13.2.jar;C:\Users\Frido\.m2\repository\org\slf4j\jul-to-slf4j\1.7.30\jul-to-slf4j-1.7.30.jar;C:\Users\Frido\.m2\repository\jakarta\annotation\jakarta.annotation-api\1.3.5\jakarta.annotation-api-1.3.5.jar;C:\Users\Frido\.m2\repository\org\springframework\spring-core\5.2.6.RELEASE\spring-core-5.2.6.RELEASE.jar;C:\Users\Frido\.m2\repository\org\springframework\spring-jcl\5.2.6.RELEASE\spring-jcl-5.2.6.RELEASE.jar;C:\Users\Frido\.m2\repository\org\yaml\snakeyaml\1.26\snakeyaml-1.26.jar;C:\Users\Frido\.m2\repository\org\springframework\boot\spring-boot-starter-actuator\2.3.0.RELEASE\spring-boot-starter-actuator-2.3.0.RELEASE.jar;C:\Users\Frido\.m2\repository\org\springframework\boot\spring-boot-actuator-autoconfigure\2.3.0.RELEASE\spring-boot-actuator-autoconfigure-2.3.0.RELEASE.jar;C:\Users\Frido\.m2\repository\org\springframework\boot\spring-boot-actuator\2.3.0.RELEASE\spring-boot-actuator-2.3.0.RELEASE.jar;C:\Users\Frido\.m2\repository\io\micrometer\micrometer-core\1.5.1\micrometer-core-1.5.1.jar;C:\Users\Frido\.m2\repository\org\hdrhistogram\HdrHistogram\2.1.12\HdrHistogram-2.1.12.jar;C:\Users\Frido\.m2\repository\org\latencyutils\LatencyUtils\2.0.3\LatencyUtils-2.0.3.jar;C:\Users\Frido\.m2\repository\org\projectlombok\lombok\1.18.12\lombok-1.18.12.jar;C:\Users\Frido\.m2\repository\org\mapstruct\mapstruct\1.3.1.Final\mapstruct-1.3.1.Final.jar;C:\Users\Frido\.m2\repository\org\junit\jupiter\junit-jupiter-api\5.6.2\junit-jupiter-api-5.6.2.jar;C:\Users\Frido\.m2\repository\org\apiguardian\apiguardian-api\1.1.0\apiguardian-api-1.1.0.jar;C:\Users\Frido\.m2\repository\org\opentest4j\opentest4j\1.2.0\opentest4j-1.2.0.jar;C:\Users\Frido\.m2\repository\org\junit\platform\junit-platform-commons\1.6.2\junit-platform-commons-1.6.2.jar;C:\Users\Frido\.m2\repository\org\junit\jupiter\junit-jupiter-engine\5.6.2\junit-jupiter-engine-5.6.2.jar;C:\Users\Frido\.m2\repository\org\junit\platform\junit-platform-engine\1.6.2\junit-platform-engine-1.6.2.jar;C:\Users\Frido\.m2\repository\org\mockito\mockito-junit-jupiter\3.3.3\mockito-junit-jupiter-3.3.3.jar;C:\Users\Frido\.m2\repository\org\mockito\mockito-core\3.3.3\mockito-core-3.3.3.jar;C:\Users\Frido\.m2\repository\net\bytebuddy\byte-buddy-agent\1.10.10\byte-buddy-agent-1.10.10.jar;C:\Users\Frido\.m2\repository\org\objenesis\objenesis\2.6\objenesis-2.6.jar;C:\Users\Frido\.m2\repository\org\awaitility\awaitility\4.0.2\awaitility-4.0.2.jar;C:\Users\Frido\.m2\repository\org\hamcrest\hamcrest\2.2\hamcrest-2.2.jar;C:\Users\Frido\.m2\repository\org\spockframework\spock-spring\1.3-groovy-2.5\spock-spring-1.3-groovy-2.5.jar;C:\Users\Frido\.m2\repository\org\codehaus\groovy\groovy\2.5.11\groovy-2.5.11.jar;C:\Users\Frido\.m2\repository\org\codehaus\groovy\groovy-json\2.5.11\groovy-json-2.5.11.jar;C:\Users\Frido\.m2\repository\org\codehaus\groovy\groovy-nio\2.5.11\groovy-nio-2.5.11.jar;C:\Users\Frido\.m2\repository\org\codehaus\groovy\groovy-macro\2.5.11\groovy-macro-2.5.11.jar;C:\Users\Frido\.m2\repository\org\codehaus\groovy\groovy-templates\2.5.11\groovy-templates-2.5.11.jar;C:\Users\Frido\.m2\repository\org\codehaus\groovy\groovy-test\2.5.11\groovy-test-2.5.11.jar;C:\Users\Frido\.m2\repository\org\codehaus\groovy\groovy-sql\2.5.11\groovy-sql-2.5.11.jar;C:\Users\Frido\.m2\repository\org\codehaus\groovy\groovy-xml\2.5.11\groovy-xml-2.5.11.jar;C:\Users\Frido\.m2\repository\org\spockframework\spock-core\1.3-groovy-2.5\spock-core-1.3-groovy-2.5.jar;C:\Users\Frido\.m2\repository\junit\junit\4.13\junit-4.13.jar;C:\Users\Frido\.m2\repository\org\hamcrest\hamcrest-core\2.2\hamcrest-core-2.2.jar;C:\Users\Frido\.m2\repository\com\github\JensPiegsa\wiremock-extension\0.4.0\wiremock-extension-0.4.0.jar;C:\Users\Frido\.m2\repository\com\github\tomakehurst\wiremock\2.19.0\wiremock-2.19.0.jar;C:\Users\Frido\.m2\repository\org\eclipse\jetty\jetty-server\9.4.28.v20200408\jetty-server-9.4.28.v20200408.jar;C:\Users\Frido\.m2\repository\javax\servlet\javax.servlet-api\4.0.1\javax.servlet-api-4.0.1.jar;C:\Users\Frido\.m2\repository\org\eclipse\jetty\jetty-http\9.4.28.v20200408\jetty-http-9.4.28.v20200408.jar;C:\Users\Frido\.m2\repository\org\eclipse\jetty\jetty-io\9.4.28.v20200408\jetty-io-9.4.28.v20200408.jar;C:\Users\Frido\.m2\repository\org\eclipse\jetty\jetty-servlet\9.4.28.v20200408\jetty-servlet-9.4.28.v20200408.jar;C:\Users\Frido\.m2\repository\org\eclipse\jetty\jetty-security\9.4.28.v20200408\jetty-security-9.4.28.v20200408.jar;C:\Users\Frido\.m2\repository\org\eclipse\jetty\jetty-servlets\9.4.28.v20200408\jetty-servlets-9.4.28.v20200408.jar;C:\Users\Frido\.m2\repository\org\eclipse\jetty\jetty-continuation\9.4.28.v20200408\jetty-continuation-9.4.28.v20200408.jar;C:\Users\Frido\.m2\repository\org\eclipse\jetty\jetty-util\9.4.28.v20200408\jetty-util-9.4.28.v20200408.jar;C:\Users\Frido\.m2\repository\org\eclipse\jetty\jetty-webapp\9.4.28.v20200408\jetty-webapp-9.4.28.v20200408.jar;C:\Users\Frido\.m2\repository\org\eclipse\jetty\jetty-xml\9.4.28.v20200408\jetty-xml-9.4.28.v20200408.jar;C:\Users\Frido\.m2\repository\org\xmlunit\xmlunit-legacy\2.7.0\xmlunit-legacy-2.7.0.jar;C:\Users\Frido\.m2\repository\net\sf\jopt-simple\jopt-simple\5.0.3\jopt-simple-5.0.3.jar;C:\Users\Frido\.m2\repository\org\apache\commons\commons-lang3\3.10\commons-lang3-3.10.jar;C:\Users\Frido\.m2\repository\com\flipkart\zjsonpatch\zjsonpatch\0.4.4\zjsonpatch-0.4.4.jar;C:\Users\Frido\.m2\repository\com\github\jknack\handlebars\4.0.7\handlebars-4.0.7.jar;C:\Users\Frido\.m2\repository\com\github\jknack\handlebars-helpers\4.0.7\handlebars-helpers-4.0.7.jar;C:\Users\Frido\.m2\repository\org\springframework\statemachine\spring-statemachine-core\2.1.2.RELEASE\spring-statemachine-core-2.1.2.RELEASE.jar;C:\Users\Frido\.m2\repository\org\springframework\spring-tx\5.2.6.RELEASE\spring-tx-5.2.6.RELEASE.jar;C:\Users\Frido\.m2\repository\org\springframework\spring-messaging\5.2.6.RELEASE\spring-messaging-5.2.6.RELEASE.jar;C:\Users\Frido\.m2\repository\com\atlassian\oai\swagger-request-validator-core\2.10.0\swagger-request-validator-core-2.10.0.jar;C:\Users\Frido\.m2\repository\io\swagger\parser\v3\swagger-parser\2.0.19\swagger-parser-2.0.19.jar;C:\Users\Frido\.m2\repository\io\swagger\parser\v3\swagger-parser-v2-converter\2.0.19\swagger-parser-v2-converter-2.0.19.jar;C:\Users\Frido\.m2\repository\io\swagger\swagger-core\1.6.1\swagger-core-1.6.1.jar;C:\Users\Frido\.m2\repository\io\swagger\swagger-models\1.6.1\swagger-models-1.6.1.jar;C:\Users\Frido\.m2\repository\io\swagger\swagger-annotations\1.6.1\swagger-annotations-1.6.1.jar;C:\Users\Frido\.m2\repository\io\swagger\swagger-parser\1.0.50\swagger-parser-1.0.50.jar;C:\Users\Frido\.m2\repository\io\swagger\swagger-compat-spec-parser\1.0.50\swagger-compat-spec-parser-1.0.50.jar;C:\Users\Frido\.m2\repository\com\github\fge\json-patch\1.6\json-patch-1.6.jar;C:\Users\Frido\.m2\repository\com\github\fge\jackson-coreutils\1.6\jackson-coreutils-1.6.jar;C:\Users\Frido\.m2\repository\io\swagger\core\v3\swagger-models\2.1.2\swagger-models-2.1.2.jar;C:\Users\Frido\.m2\repository\io\swagger\parser\v3\swagger-parser-core\2.0.19\swagger-parser-core-2.0.19.jar;C:\Users\Frido\.m2\repository\io\swagger\parser\v3\swagger-parser-v3\2.0.19\swagger-parser-v3-2.0.19.jar;C:\Users\Frido\.m2\repository\io\swagger\core\v3\swagger-core\2.1.2\swagger-core-2.1.2.jar;C:\Users\Frido\.m2\repository\io\swagger\core\v3\swagger-annotations\2.1.2\swagger-annotations-2.1.2.jar;C:\Users\Frido\.m2\repository\jakarta\validation\jakarta.validation-api\2.0.2\jakarta.validation-api-2.0.2.jar;C:\Users\Frido\.m2\repository\com\fasterxml\jackson\dataformat\jackson-dataformat-yaml\2.11.0\jackson-dataformat-yaml-2.11.0.jar;C:\Users\Frido\.m2\repository\org\slf4j\slf4j-ext\1.7.30\slf4j-ext-1.7.30.jar;C:\Users\Frido\.m2\repository\commons-io\commons-io\2.6\commons-io-2.6.jar;C:\Users\Frido\.m2\repository\com\github\java-json-tools\json-schema-validator\2.2.11\json-schema-validator-2.2.11.jar;C:\Users\Frido\.m2\repository\com\github\java-json-tools\json-schema-core\1.2.10\json-schema-core-1.2.10.jar;C:\Users\Frido\.m2\repository\com\github\java-json-tools\jackson-coreutils\1.9\jackson-coreutils-1.9.jar;C:\Users\Frido\.m2\repository\com\github\fge\msg-simple\1.1\msg-simple-1.1.jar;C:\Users\Frido\.m2\repository\com\github\fge\btf\1.2\btf-1.2.jar;C:\Users\Frido\.m2\repository\com\github\fge\uri-template\0.9\uri-template-0.9.jar;C:\Users\Frido\.m2\repository\org\mozilla\rhino\1.7.7.1\rhino-1.7.7.1.jar;C:\Users\Frido\.m2\repository\com\sun\mail\mailapi\1.6.1\mailapi-1.6.1.jar;C:\Users\Frido\.m2\repository\javax\activation\activation\1.1\activation-1.1.jar;C:\Users\Frido\.m2\repository\joda-time\joda-time\2.9.7\joda-time-2.9.7.jar;C:\Users\Frido\.m2\repository\com\googlecode\libphonenumber\libphonenumber\8.0.0\libphonenumber-8.0.0.jar;C:\Users\Frido\.m2\repository\org\slf4j\slf4j-api\1.7.30\slf4j-api-1.7.30.jar;C:\Users\Frido\.m2\repository\com\google\guava\guava\28.2-android\guava-28.2-android.jar;C:\Users\Frido\.m2\repository\com\google\guava\failureaccess\1.0.1\failureaccess-1.0.1.jar;C:\Users\Frido\.m2\repository\com\google\guava\listenablefuture\9999.0-empty-to-avoid-conflict-with-guava\listenablefuture-9999.0-empty-to-avoid-conflict-with-guava.jar;C:\Users\Frido\.m2\repository\org\checkerframework\checker-compat-qual\2.5.5\checker-compat-qual-2.5.5.jar;C:\Users\Frido\.m2\repository\com\google\errorprone\error_prone_annotations\2.3.4\error_prone_annotations-2.3.4.jar;C:\Users\Frido\.m2\repository\com\google\j2objc\j2objc-annotations\1.3\j2objc-annotations-1.3.jar;C:\Users\Frido\.m2\repository\com\google\code\findbugs\jsr305\3.0.2\jsr305-3.0.2.jar;C:\Users\Frido\.m2\repository\com\fasterxml\jackson\datatype\jackson-datatype-jdk8\2.11.0\jackson-datatype-jdk8-2.11.0.jar;C:\Users\Frido\.m2\repository\com\atlassian\oai\swagger-request-validator-mockmvc\2.10.0\swagger-request-validator-mockmvc-2.10.0.jar;C:\Users\Frido\.m2\repository\org\springframework\spring-test\5.2.6.RELEASE\spring-test-5.2.6.RELEASE.jar;C:\Users\Frido\.m2\repository\com\atlassian\oai\swagger-request-validator-springmvc\2.10.0\swagger-request-validator-springmvc-2.10.0.jar;C:\Users\Frido\.m2\repository\org\springframework\boot\spring-boot-starter-test\2.3.0.RELEASE\spring-boot-starter-test-2.3.0.RELEASE.jar;C:\Users\Frido\.m2\repository\org\springframework\boot\spring-boot-test\2.3.0.RELEASE\spring-boot-test-2.3.0.RELEASE.jar;C:\Users\Frido\.m2\repository\org\springframework\boot\spring-boot-test-autoconfigure\2.3.0.RELEASE\spring-boot-test-autoconfigure-2.3.0.RELEASE.jar;C:\Users\Frido\.m2\repository\com\jayway\jsonpath\json-path\2.4.0\json-path-2.4.0.jar;C:\Users\Frido\.m2\repository\net\minidev\json-smart\2.3\json-smart-2.3.jar;C:\Users\Frido\.m2\repository\net\minidev\accessors-smart\1.2\accessors-smart-1.2.jar;C:\Users\Frido\.m2\repository\org\ow2\asm\asm\5.0.4\asm-5.0.4.jar;C:\Users\Frido\.m2\repository\jakarta\xml\bind\jakarta.xml.bind-api\2.3.3\jakarta.xml.bind-api-2.3.3.jar;C:\Users\Frido\.m2\repository\jakarta\activation\jakarta.activation-api\1.2.2\jakarta.activation-api-1.2.2.jar;C:\Users\Frido\.m2\repository\org\assertj\assertj-core\3.16.1\assertj-core-3.16.1.jar;C:\Users\Frido\.m2\repository\org\junit\jupiter\junit-jupiter\5.6.2\junit-jupiter-5.6.2.jar;C:\Users\Frido\.m2\repository\org\junit\jupiter\junit-jupiter-params\5.6.2\junit-jupiter-params-5.6.2.jar;C:\Users\Frido\.m2\repository\org\junit\vintage\junit-vintage-engine\5.6.2\junit-vintage-engine-5.6.2.jar;C:\Users\Frido\.m2\repository\org\skyscreamer\jsonassert\1.5.0\jsonassert-1.5.0.jar;C:\Users\Frido\.m2\repository\com\vaadin\external\google\android-json\0.0.20131108.vaadin1\android-json-0.0.20131108.vaadin1.jar;C:\Users\Frido\.m2\repository\org\xmlunit\xmlunit-core\2.7.0\xmlunit-core-2.7.0.jar;"/>
    <property name="java.vm.vendor" value="Oracle Corporation"/>
    <property name="sun.arch.data.model" value="64"/>
    <property name="user.variant" value=""/>
    <property name="java.vendor.url" value="http://java.oracle.com/"/>
    <property name="user.timezone" value="Asia/Shanghai"/>
    <property name="java.vm.specification.version" value="11"/>
    <property name="os.name" value="Windows 10"/>
    <property name="sun.java.launcher" value="SUN_STANDARD"/>
    <property name="user.country" value="CN"/>
    <property name="sun.boot.library.path" value="C:\Program Files\Java\jdk-11\bin"/>
    <property name="sun.java.command" value="C:\Windows\TEMP\surefire11876012860865013302\surefirebooter852468990959187891.jar C:\Windows\Temp\surefire11876012860865013302 2021-04-14T14-13-00_024-jvmRun1 surefire16636016095046491483tmp surefire_012647404962313248542tmp"/>
    <property name="jdk.debug" value="release"/>
    <property name="surefire.test.class.path" value="C:\Users\Frido\spring\micro\mssc-brewery-ws\mssc-beer-inventory-service\target\test-classes;C:\Users\Frido\spring\micro\mssc-brewery-ws\mssc-beer-inventory-service\target\classes;C:\Users\Frido\.m2\repository\org\springframework\boot\spring-boot-starter-artemis\2.3.0.RELEASE\spring-boot-starter-artemis-2.3.0.RELEASE.jar;C:\Users\Frido\.m2\repository\jakarta\jms\jakarta.jms-api\2.0.3\jakarta.jms-api-2.0.3.jar;C:\Users\Frido\.m2\repository\jakarta\json\jakarta.json-api\1.1.6\jakarta.json-api-1.1.6.jar;C:\Users\Frido\.m2\repository\org\springframework\spring-jms\5.2.6.RELEASE\spring-jms-5.2.6.RELEASE.jar;C:\Users\Frido\.m2\repository\org\springframework\spring-beans\5.2.6.RELEASE\spring-beans-5.2.6.RELEASE.jar;C:\Users\Frido\.m2\repository\org\apache\activemq\artemis-jms-client\2.12.0\artemis-jms-client-2.12.0.jar;C:\Users\Frido\.m2\repository\org\apache\activemq\artemis-core-client\2.12.0\artemis-core-client-2.12.0.jar;C:\Users\Frido\.m2\repository\org\jgroups\jgroups\3.6.13.Final\jgroups-3.6.13.Final.jar;C:\Users\Frido\.m2\repository\org\apache\johnzon\johnzon-core\1.2.5\johnzon-core-1.2.5.jar;C:\Users\Frido\.m2\repository\io\netty\netty-transport-native-epoll\4.1.49.Final\netty-transport-native-epoll-4.1.49.Final-linux-x86_64.jar;C:\Users\Frido\.m2\repository\io\netty\netty-transport-native-unix-common\4.1.49.Final\netty-transport-native-unix-common-4.1.49.Final.jar;C:\Users\Frido\.m2\repository\io\netty\netty-transport-native-kqueue\4.1.49.Final\netty-transport-native-kqueue-4.1.49.Final-osx-x86_64.jar;C:\Users\Frido\.m2\repository\io\netty\netty-codec-http\4.1.49.Final\netty-codec-http-4.1.49.Final.jar;C:\Users\Frido\.m2\repository\io\netty\netty-buffer\4.1.49.Final\netty-buffer-4.1.49.Final.jar;C:\Users\Frido\.m2\repository\io\netty\netty-transport\4.1.49.Final\netty-transport-4.1.49.Final.jar;C:\Users\Frido\.m2\repository\io\netty\netty-resolver\4.1.49.Final\netty-resolver-4.1.49.Final.jar;C:\Users\Frido\.m2\repository\io\netty\netty-handler\4.1.49.Final\netty-handler-4.1.49.Final.jar;C:\Users\Frido\.m2\repository\io\netty\netty-handler-proxy\4.1.49.Final\netty-handler-proxy-4.1.49.Final.jar;C:\Users\Frido\.m2\repository\io\netty\netty-codec\4.1.49.Final\netty-codec-4.1.49.Final.jar;C:\Users\Frido\.m2\repository\io\netty\netty-codec-socks\4.1.49.Final\netty-codec-socks-4.1.49.Final.jar;C:\Users\Frido\.m2\repository\io\netty\netty-common\4.1.49.Final\netty-common-4.1.49.Final.jar;C:\Users\Frido\.m2\repository\org\apache\activemq\artemis-commons\2.12.0\artemis-commons-2.12.0.jar;C:\Users\Frido\.m2\repository\commons-beanutils\commons-beanutils\1.9.4\commons-beanutils-1.9.4.jar;C:\Users\Frido\.m2\repository\org\apache\activemq\artemis-selector\2.12.0\artemis-selector-2.12.0.jar;C:\Users\Frido\.m2\repository\org\springframework\boot\spring-boot-starter-web\2.3.0.RELEASE\spring-boot-starter-web-2.3.0.RELEASE.jar;C:\Users\Frido\.m2\repository\org\springframework\boot\spring-boot-starter-json\2.3.0.RELEASE\spring-boot-starter-json-2.3.0.RELEASE.jar;C:\Users\Frido\.m2\repository\com\fasterxml\jackson\datatype\jackson-datatype-jsr310\2.11.0\jackson-datatype-jsr310-2.11.0.jar;C:\Users\Frido\.m2\repository\com\fasterxml\jackson\module\jackson-module-parameter-names\2.11.0\jackson-module-parameter-names-2.11.0.jar;C:\Users\Frido\.m2\repository\org\springframework\boot\spring-boot-starter-tomcat\2.3.0.RELEASE\spring-boot-starter-tomcat-2.3.0.RELEASE.jar;C:\Users\Frido\.m2\repository\org\apache\tomcat\embed\tomcat-embed-core\9.0.35\tomcat-embed-core-9.0.35.jar;C:\Users\Frido\.m2\repository\org\glassfish\jakarta.el\3.0.3\jakarta.el-3.0.3.jar;C:\Users\Frido\.m2\repository\org\apache\tomcat\embed\tomcat-embed-websocket\9.0.35\tomcat-embed-websocket-9.0.35.jar;C:\Users\Frido\.m2\repository\org\springframework\spring-web\5.2.6.RELEASE\spring-web-5.2.6.RELEASE.jar;C:\Users\Frido\.m2\repository\org\springframework\spring-webmvc\5.2.6.RELEASE\spring-webmvc-5.2.6.RELEASE.jar;C:\Users\Frido\.m2\repository\org\springframework\spring-aop\5.2.6.RELEASE\spring-aop-5.2.6.RELEASE.jar;C:\Users\Frido\.m2\repository\org\springframework\spring-context\5.2.6.RELEASE\spring-context-5.2.6.RELEASE.jar;C:\Users\Frido\.m2\repository\org\springframework\spring-expression\5.2.6.RELEASE\spring-expression-5.2.6.RELEASE.jar;C:\Users\Frido\.m2\repository\org\springframework\boot\spring-boot-starter-data-jpa\2.3.0.RELEASE\spring-boot-starter-data-jpa-2.3.0.RELEASE.jar;C:\Users\Frido\.m2\repository\org\springframework\boot\spring-boot-starter-aop\2.3.0.RELEASE\spring-boot-starter-aop-2.3.0.RELEASE.jar;C:\Users\Frido\.m2\repository\org\aspectj\aspectjweaver\1.9.5\aspectjweaver-1.9.5.jar;C:\Users\Frido\.m2\repository\org\springframework\boot\spring-boot-starter-jdbc\2.3.0.RELEASE\spring-boot-starter-jdbc-2.3.0.RELEASE.jar;C:\Users\Frido\.m2\repository\com\zaxxer\HikariCP\3.4.5\HikariCP-3.4.5.jar;C:\Users\Frido\.m2\repository\org\springframework\spring-jdbc\5.2.6.RELEASE\spring-jdbc-5.2.6.RELEASE.jar;C:\Users\Frido\.m2\repository\jakarta\transaction\jakarta.transaction-api\1.3.3\jakarta.transaction-api-1.3.3.jar;C:\Users\Frido\.m2\repository\jakarta\persistence\jakarta.persistence-api\2.2.3\jakarta.persistence-api-2.2.3.jar;C:\Users\Frido\.m2\repository\org\hibernate\hibernate-core\5.4.15.Final\hibernate-core-5.4.15.Final.jar;C:\Users\Frido\.m2\repository\org\jboss\logging\jboss-logging\3.4.1.Final\jboss-logging-3.4.1.Final.jar;C:\Users\Frido\.m2\repository\org\javassist\javassist\3.24.0-GA\javassist-3.24.0-GA.jar;C:\Users\Frido\.m2\repository\net\bytebuddy\byte-buddy\1.10.10\byte-buddy-1.10.10.jar;C:\Users\Frido\.m2\repository\antlr\antlr\2.7.7\antlr-2.7.7.jar;C:\Users\Frido\.m2\repository\org\jboss\jandex\2.1.3.Final\jandex-2.1.3.Final.jar;C:\Users\Frido\.m2\repository\com\fasterxml\classmate\1.5.1\classmate-1.5.1.jar;C:\Users\Frido\.m2\repository\org\dom4j\dom4j\2.1.3\dom4j-2.1.3.jar;C:\Users\Frido\.m2\repository\org\hibernate\common\hibernate-commons-annotations\5.1.0.Final\hibernate-commons-annotations-5.1.0.Final.jar;C:\Users\Frido\.m2\repository\org\glassfish\jaxb\jaxb-runtime\2.3.3\jaxb-runtime-2.3.3.jar;C:\Users\Frido\.m2\repository\org\glassfish\jaxb\txw2\2.3.3\txw2-2.3.3.jar;C:\Users\Frido\.m2\repository\com\sun\istack\istack-commons-runtime\3.0.11\istack-commons-runtime-3.0.11.jar;C:\Users\Frido\.m2\repository\com\sun\activation\jakarta.activation\1.2.2\jakarta.activation-1.2.2.jar;C:\Users\Frido\.m2\repository\org\springframework\data\spring-data-jpa\2.3.0.RELEASE\spring-data-jpa-2.3.0.RELEASE.jar;C:\Users\Frido\.m2\repository\org\springframework\data\spring-data-commons\2.3.0.RELEASE\spring-data-commons-2.3.0.RELEASE.jar;C:\Users\Frido\.m2\repository\org\springframework\spring-orm\5.2.6.RELEASE\spring-orm-5.2.6.RELEASE.jar;C:\Users\Frido\.m2\repository\org\springframework\spring-aspects\5.2.6.RELEASE\spring-aspects-5.2.6.RELEASE.jar;C:\Users\Frido\.m2\repository\com\h2database\h2\1.4.200\h2-1.4.200.jar;C:\Users\Frido\.m2\repository\mysql\mysql-connector-java\8.0.20\mysql-connector-java-8.0.20.jar;C:\Users\Frido\.m2\repository\org\springframework\cloud\spring-cloud-starter-netflix-eureka-client\2.2.2.RELEASE\spring-cloud-starter-netflix-eureka-client-2.2.2.RELEASE.jar;C:\Users\Frido\.m2\repository\org\springframework\cloud\spring-cloud-starter\2.2.2.RELEASE\spring-cloud-starter-2.2.2.RELEASE.jar;C:\Users\Frido\.m2\repository\org\springframework\cloud\spring-cloud-context\2.2.2.RELEASE\spring-cloud-context-2.2.2.RELEASE.jar;C:\Users\Frido\.m2\repository\org\springframework\security\spring-security-crypto\5.3.2.RELEASE\spring-security-crypto-5.3.2.RELEASE.jar;C:\Users\Frido\.m2\repository\org\springframework\cloud\spring-cloud-commons\2.2.2.RELEASE\spring-cloud-commons-2.2.2.RELEASE.jar;C:\Users\Frido\.m2\repository\org\springframework\security\spring-security-rsa\1.0.9.RELEASE\spring-security-rsa-1.0.9.RELEASE.jar;C:\Users\Frido\.m2\repository\org\bouncycastle\bcpkix-jdk15on\1.64\bcpkix-jdk15on-1.64.jar;C:\Users\Frido\.m2\repository\org\bouncycastle\bcprov-jdk15on\1.64\bcprov-jdk15on-1.64.jar;C:\Users\Frido\.m2\repository\org\springframework\cloud\spring-cloud-netflix-hystrix\2.2.2.RELEASE\spring-cloud-netflix-hystrix-2.2.2.RELEASE.jar;C:\Users\Frido\.m2\repository\org\springframework\cloud\spring-cloud-netflix-eureka-client\2.2.2.RELEASE\spring-cloud-netflix-eureka-client-2.2.2.RELEASE.jar;C:\Users\Frido\.m2\repository\com\netflix\eureka\eureka-client\1.9.17\eureka-client-1.9.17.jar;C:\Users\Frido\.m2\repository\org\codehaus\jettison\jettison\1.3.7\jettison-1.3.7.jar;C:\Users\Frido\.m2\repository\stax\stax-api\1.0.1\stax-api-1.0.1.jar;C:\Users\Frido\.m2\repository\com\netflix\netflix-commons\netflix-eventbus\0.3.0\netflix-eventbus-0.3.0.jar;C:\Users\Frido\.m2\repository\com\netflix\netflix-commons\netflix-infix\0.3.0\netflix-infix-0.3.0.jar;C:\Users\Frido\.m2\repository\commons-jxpath\commons-jxpath\1.3\commons-jxpath-1.3.jar;C:\Users\Frido\.m2\repository\org\antlr\antlr-runtime\3.4\antlr-runtime-3.4.jar;C:\Users\Frido\.m2\repository\org\antlr\stringtemplate\3.2.1\stringtemplate-3.2.1.jar;C:\Users\Frido\.m2\repository\com\google\code\gson\gson\2.8.6\gson-2.8.6.jar;C:\Users\Frido\.m2\repository\org\apache\commons\commons-math\2.2\commons-math-2.2.jar;C:\Users\Frido\.m2\repository\com\netflix\archaius\archaius-core\0.7.6\archaius-core-0.7.6.jar;C:\Users\Frido\.m2\repository\javax\ws\rs\jsr311-api\1.1.1\jsr311-api-1.1.1.jar;C:\Users\Frido\.m2\repository\com\netflix\servo\servo-core\0.12.21\servo-core-0.12.21.jar;C:\Users\Frido\.m2\repository\com\sun\jersey\jersey-core\1.19.1\jersey-core-1.19.1.jar;C:\Users\Frido\.m2\repository\com\sun\jersey\jersey-client\1.19.1\jersey-client-1.19.1.jar;C:\Users\Frido\.m2\repository\com\sun\jersey\contribs\jersey-apache-client4\1.19.1\jersey-apache-client4-1.19.1.jar;C:\Users\Frido\.m2\repository\org\apache\httpcomponents\httpclient\4.5.12\httpclient-4.5.12.jar;C:\Users\Frido\.m2\repository\org\apache\httpcomponents\httpcore\4.4.13\httpcore-4.4.13.jar;C:\Users\Frido\.m2\repository\commons-codec\commons-codec\1.14\commons-codec-1.14.jar;C:\Users\Frido\.m2\repository\com\google\inject\guice\4.1.0\guice-4.1.0.jar;C:\Users\Frido\.m2\repository\javax\inject\javax.inject\1\javax.inject-1.jar;C:\Users\Frido\.m2\repository\aopalliance\aopalliance\1.0\aopalliance-1.0.jar;C:\Users\Frido\.m2\repository\com\fasterxml\jackson\core\jackson-annotations\2.11.0\jackson-annotations-2.11.0.jar;C:\Users\Frido\.m2\repository\com\fasterxml\jackson\core\jackson-core\2.11.0\jackson-core-2.11.0.jar;C:\Users\Frido\.m2\repository\com\netflix\eureka\eureka-core\1.9.17\eureka-core-1.9.17.jar;C:\Users\Frido\.m2\repository\com\fasterxml\woodstox\woodstox-core\5.2.1\woodstox-core-5.2.1.jar;C:\Users\Frido\.m2\repository\org\codehaus\woodstox\stax2-api\4.2\stax2-api-4.2.jar;C:\Users\Frido\.m2\repository\org\springframework\cloud\spring-cloud-starter-netflix-archaius\2.2.2.RELEASE\spring-cloud-starter-netflix-archaius-2.2.2.RELEASE.jar;C:\Users\Frido\.m2\repository\org\springframework\cloud\spring-cloud-netflix-ribbon\2.2.2.RELEASE\spring-cloud-netflix-ribbon-2.2.2.RELEASE.jar;C:\Users\Frido\.m2\repository\org\springframework\cloud\spring-cloud-netflix-archaius\2.2.2.RELEASE\spring-cloud-netflix-archaius-2.2.2.RELEASE.jar;C:\Users\Frido\.m2\repository\commons-configuration\commons-configuration\1.8\commons-configuration-1.8.jar;C:\Users\Frido\.m2\repository\commons-lang\commons-lang\2.6\commons-lang-2.6.jar;C:\Users\Frido\.m2\repository\org\springframework\cloud\spring-cloud-starter-netflix-ribbon\2.2.2.RELEASE\spring-cloud-starter-netflix-ribbon-2.2.2.RELEASE.jar;C:\Users\Frido\.m2\repository\com\netflix\ribbon\ribbon\2.3.0\ribbon-2.3.0.jar;C:\Users\Frido\.m2\repository\com\netflix\ribbon\ribbon-transport\2.3.0\ribbon-transport-2.3.0.jar;C:\Users\Frido\.m2\repository\io\reactivex\rxnetty-contexts\0.4.9\rxnetty-contexts-0.4.9.jar;C:\Users\Frido\.m2\repository\io\reactivex\rxnetty-servo\0.4.9\rxnetty-servo-0.4.9.jar;C:\Users\Frido\.m2\repository\com\netflix\hystrix\hystrix-core\1.5.18\hystrix-core-1.5.18.jar;C:\Users\Frido\.m2\repository\io\reactivex\rxnetty\0.4.9\rxnetty-0.4.9.jar;C:\Users\Frido\.m2\repository\com\netflix\ribbon\ribbon-core\2.3.0\ribbon-core-2.3.0.jar;C:\Users\Frido\.m2\repository\com\netflix\ribbon\ribbon-httpclient\2.3.0\ribbon-httpclient-2.3.0.jar;C:\Users\Frido\.m2\repository\commons-collections\commons-collections\3.2.2\commons-collections-3.2.2.jar;C:\Users\Frido\.m2\repository\com\netflix\netflix-commons\netflix-commons-util\0.3.0\netflix-commons-util-0.3.0.jar;C:\Users\Frido\.m2\repository\com\netflix\ribbon\ribbon-loadbalancer\2.3.0\ribbon-loadbalancer-2.3.0.jar;C:\Users\Frido\.m2\repository\com\netflix\netflix-commons\netflix-statistics\0.1.1\netflix-statistics-0.1.1.jar;C:\Users\Frido\.m2\repository\io\reactivex\rxjava\1.3.8\rxjava-1.3.8.jar;C:\Users\Frido\.m2\repository\org\springframework\cloud\spring-cloud-starter-loadbalancer\2.2.2.RELEASE\spring-cloud-starter-loadbalancer-2.2.2.RELEASE.jar;C:\Users\Frido\.m2\repository\org\springframework\cloud\spring-cloud-loadbalancer\2.2.2.RELEASE\spring-cloud-loadbalancer-2.2.2.RELEASE.jar;C:\Users\Frido\.m2\repository\io\projectreactor\reactor-core\3.3.5.RELEASE\reactor-core-3.3.5.RELEASE.jar;C:\Users\Frido\.m2\repository\org\reactivestreams\reactive-streams\1.0.3\reactive-streams-1.0.3.jar;C:\Users\Frido\.m2\repository\io\projectreactor\addons\reactor-extra\3.3.3.RELEASE\reactor-extra-3.3.3.RELEASE.jar;C:\Users\Frido\.m2\repository\org\springframework\boot\spring-boot-starter-cache\2.3.0.RELEASE\spring-boot-starter-cache-2.3.0.RELEASE.jar;C:\Users\Frido\.m2\repository\org\springframework\spring-context-support\5.2.6.RELEASE\spring-context-support-5.2.6.RELEASE.jar;C:\Users\Frido\.m2\repository\com\stoyanr\evictor\1.0.0\evictor-1.0.0.jar;C:\Users\Frido\.m2\repository\com\netflix\ribbon\ribbon-eureka\2.3.0\ribbon-eureka-2.3.0.jar;C:\Users\Frido\.m2\repository\com\thoughtworks\xstream\xstream\1.4.11.1\xstream-1.4.11.1.jar;C:\Users\Frido\.m2\repository\xmlpull\xmlpull\1.1.3.1\xmlpull-1.1.3.1.jar;C:\Users\Frido\.m2\repository\xpp3\xpp3_min\1.1.4c\xpp3_min-1.1.4c.jar;C:\Users\Frido\.m2\repository\org\springframework\cloud\spring-cloud-starter-config\2.2.2.RELEASE\spring-cloud-starter-config-2.2.2.RELEASE.jar;C:\Users\Frido\.m2\repository\org\springframework\cloud\spring-cloud-config-client\2.2.2.RELEASE\spring-cloud-config-client-2.2.2.RELEASE.jar;C:\Users\Frido\.m2\repository\com\fasterxml\jackson\core\jackson-databind\2.11.0\jackson-databind-2.11.0.jar;C:\Users\Frido\.m2\repository\net\logstash\logback\logstash-logback-encoder\6.3\logstash-logback-encoder-6.3.jar;C:\Users\Frido\.m2\repository\org\springframework\cloud\spring-cloud-starter-zipkin\2.2.2.RELEASE\spring-cloud-starter-zipkin-2.2.2.RELEASE.jar;C:\Users\Frido\.m2\repository\org\springframework\cloud\spring-cloud-starter-sleuth\2.2.2.RELEASE\spring-cloud-starter-sleuth-2.2.2.RELEASE.jar;C:\Users\Frido\.m2\repository\org\springframework\cloud\spring-cloud-sleuth-core\2.2.2.RELEASE\spring-cloud-sleuth-core-2.2.2.RELEASE.jar;C:\Users\Frido\.m2\repository\org\aspectj\aspectjrt\1.9.5\aspectjrt-1.9.5.jar;C:\Users\Frido\.m2\repository\io\zipkin\brave\brave\5.10.1\brave-5.10.1.jar;C:\Users\Frido\.m2\repository\io\zipkin\brave\brave-context-log4j2\5.10.1\brave-context-log4j2-5.10.1.jar;C:\Users\Frido\.m2\repository\io\zipkin\brave\brave-instrumentation-messaging\5.10.1\brave-instrumentation-messaging-5.10.1.jar;C:\Users\Frido\.m2\repository\io\zipkin\brave\brave-instrumentation-rpc\5.10.1\brave-instrumentation-rpc-5.10.1.jar;C:\Users\Frido\.m2\repository\io\zipkin\brave\brave-instrumentation-spring-web\5.10.1\brave-instrumentation-spring-web-5.10.1.jar;C:\Users\Frido\.m2\repository\io\zipkin\brave\brave-instrumentation-http\5.10.1\brave-instrumentation-http-5.10.1.jar;C:\Users\Frido\.m2\repository\io\zipkin\brave\brave-instrumentation-spring-rabbit\5.10.1\brave-instrumentation-spring-rabbit-5.10.1.jar;C:\Users\Frido\.m2\repository\io\zipkin\brave\brave-instrumentation-kafka-clients\5.10.1\brave-instrumentation-kafka-clients-5.10.1.jar;C:\Users\Frido\.m2\repository\io\zipkin\brave\brave-instrumentation-kafka-streams\5.10.1\brave-instrumentation-kafka-streams-5.10.1.jar;C:\Users\Frido\.m2\repository\io\zipkin\brave\brave-instrumentation-httpclient\5.10.1\brave-instrumentation-httpclient-5.10.1.jar;C:\Users\Frido\.m2\repository\io\zipkin\brave\brave-instrumentation-httpasyncclient\5.10.1\brave-instrumentation-httpasyncclient-5.10.1.jar;C:\Users\Frido\.m2\repository\io\zipkin\brave\brave-instrumentation-spring-webmvc\5.10.1\brave-instrumentation-spring-webmvc-5.10.1.jar;C:\Users\Frido\.m2\repository\io\zipkin\brave\brave-instrumentation-servlet\5.10.1\brave-instrumentation-servlet-5.10.1.jar;C:\Users\Frido\.m2\repository\io\zipkin\brave\brave-instrumentation-jms\5.10.1\brave-instrumentation-jms-5.10.1.jar;C:\Users\Frido\.m2\repository\io\zipkin\reporter2\zipkin-reporter-metrics-micrometer\2.12.1\zipkin-reporter-metrics-micrometer-2.12.1.jar;C:\Users\Frido\.m2\repository\org\springframework\cloud\spring-cloud-sleuth-zipkin\2.2.2.RELEASE\spring-cloud-sleuth-zipkin-2.2.2.RELEASE.jar;C:\Users\Frido\.m2\repository\io\zipkin\zipkin2\zipkin\2.19.3\zipkin-2.19.3.jar;C:\Users\Frido\.m2\repository\io\zipkin\reporter2\zipkin-reporter\2.12.1\zipkin-reporter-2.12.1.jar;C:\Users\Frido\.m2\repository\io\zipkin\reporter2\zipkin-sender-kafka\2.12.1\zipkin-sender-kafka-2.12.1.jar;C:\Users\Frido\.m2\repository\io\zipkin\reporter2\zipkin-sender-activemq-client\2.12.1\zipkin-sender-activemq-client-2.12.1.jar;C:\Users\Frido\.m2\repository\io\zipkin\reporter2\zipkin-sender-amqp-client\2.12.1\zipkin-sender-amqp-client-2.12.1.jar;C:\Users\Frido\.m2\repository\javax\validation\validation-api\2.0.1.Final\validation-api-2.0.1.Final.jar;C:\Users\Frido\.m2\repository\javax\xml\bind\jaxb-api\2.3.0\jaxb-api-2.3.0.jar;C:\Users\Frido\.m2\repository\com\sun\xml\bind\jaxb-core\2.3.0\jaxb-core-2.3.0.jar;C:\Users\Frido\.m2\repository\com\sun\xml\bind\jaxb-impl\2.3.0\jaxb-impl-2.3.0.jar;C:\Users\Frido\.m2\repository\org\springframework\boot\spring-boot-starter\2.3.0.RELEASE\spring-boot-starter-2.3.0.RELEASE.jar;C:\Users\Frido\.m2\repository\org\springframework\boot\spring-boot\2.3.0.RELEASE\spring-boot-2.3.0.RELEASE.jar;C:\Users\Frido\.m2\repository\org\springframework\boot\spring-boot-autoconfigure\2.3.0.RELEASE\spring-boot-autoconfigure-2.3.0.RELEASE.jar;C:\Users\Frido\.m2\repository\org\springframework\boot\spring-boot-starter-logging\2.3.0.RELEASE\spring-boot-starter-logging-2.3.0.RELEASE.jar;C:\Users\Frido\.m2\repository\ch\qos\logback\logback-classic\1.2.3\logback-classic-1.2.3.jar;C:\Users\Frido\.m2\repository\ch\qos\logback\logback-core\1.2.3\logback-core-1.2.3.jar;C:\Users\Frido\.m2\repository\org\apache\logging\log4j\log4j-to-slf4j\2.13.2\log4j-to-slf4j-2.13.2.jar;C:\Users\Frido\.m2\repository\org\apache\logging\log4j\log4j-api\2.13.2\log4j-api-2.13.2.jar;C:\Users\Frido\.m2\repository\org\slf4j\jul-to-slf4j\1.7.30\jul-to-slf4j-1.7.30.jar;C:\Users\Frido\.m2\repository\jakarta\annotation\jakarta.annotation-api\1.3.5\jakarta.annotation-api-1.3.5.jar;C:\Users\Frido\.m2\repository\org\springframework\spring-core\5.2.6.RELEASE\spring-core-5.2.6.RELEASE.jar;C:\Users\Frido\.m2\repository\org\springframework\spring-jcl\5.2.6.RELEASE\spring-jcl-5.2.6.RELEASE.jar;C:\Users\Frido\.m2\repository\org\yaml\snakeyaml\1.26\snakeyaml-1.26.jar;C:\Users\Frido\.m2\repository\org\springframework\boot\spring-boot-starter-actuator\2.3.0.RELEASE\spring-boot-starter-actuator-2.3.0.RELEASE.jar;C:\Users\Frido\.m2\repository\org\springframework\boot\spring-boot-actuator-autoconfigure\2.3.0.RELEASE\spring-boot-actuator-autoconfigure-2.3.0.RELEASE.jar;C:\Users\Frido\.m2\repository\org\springframework\boot\spring-boot-actuator\2.3.0.RELEASE\spring-boot-actuator-2.3.0.RELEASE.jar;C:\Users\Frido\.m2\repository\io\micrometer\micrometer-core\1.5.1\micrometer-core-1.5.1.jar;C:\Users\Frido\.m2\repository\org\hdrhistogram\HdrHistogram\2.1.12\HdrHistogram-2.1.12.jar;C:\Users\Frido\.m2\repository\org\latencyutils\LatencyUtils\2.0.3\LatencyUtils-2.0.3.jar;C:\Users\Frido\.m2\repository\org\projectlombok\lombok\1.18.12\lombok-1.18.12.jar;C:\Users\Frido\.m2\repository\org\mapstruct\mapstruct\1.3.1.Final\mapstruct-1.3.1.Final.jar;C:\Users\Frido\.m2\repository\org\junit\jupiter\junit-jupiter-api\5.6.2\junit-jupiter-api-5.6.2.jar;C:\Users\Frido\.m2\repository\org\apiguardian\apiguardian-api\1.1.0\apiguardian-api-1.1.0.jar;C:\Users\Frido\.m2\repository\org\opentest4j\opentest4j\1.2.0\opentest4j-1.2.0.jar;C:\Users\Frido\.m2\repository\org\junit\platform\junit-platform-commons\1.6.2\junit-platform-commons-1.6.2.jar;C:\Users\Frido\.m2\repository\org\junit\jupiter\junit-jupiter-engine\5.6.2\junit-jupiter-engine-5.6.2.jar;C:\Users\Frido\.m2\repository\org\junit\platform\junit-platform-engine\1.6.2\junit-platform-engine-1.6.2.jar;C:\Users\Frido\.m2\repository\org\mockito\mockito-junit-jupiter\3.3.3\mockito-junit-jupiter-3.3.3.jar;C:\Users\Frido\.m2\repository\org\mockito\mockito-core\3.3.3\mockito-core-3.3.3.jar;C:\Users\Frido\.m2\repository\net\bytebuddy\byte-buddy-agent\1.10.10\byte-buddy-agent-1.10.10.jar;C:\Users\Frido\.m2\repository\org\objenesis\objenesis\2.6\objenesis-2.6.jar;C:\Users\Frido\.m2\repository\org\awaitility\awaitility\4.0.2\awaitility-4.0.2.jar;C:\Users\Frido\.m2\repository\org\hamcrest\hamcrest\2.2\hamcrest-2.2.jar;C:\Users\Frido\.m2\repository\org\spockframework\spock-spring\1.3-groovy-2.5\spock-spring-1.3-groovy-2.5.jar;C:\Users\Frido\.m2\repository\org\codehaus\groovy\groovy\2.5.11\groovy-2.5.11.jar;C:\Users\Frido\.m2\repository\org\codehaus\groovy\groovy-json\2.5.11\groovy-json-2.5.11.jar;C:\Users\Frido\.m2\repository\org\codehaus\groovy\groovy-nio\2.5.11\groovy-nio-2.5.11.jar;C:\Users\Frido\.m2\repository\org\codehaus\groovy\groovy-macro\2.5.11\groovy-macro-2.5.11.jar;C:\Users\Frido\.m2\repository\org\codehaus\groovy\groovy-templates\2.5.11\groovy-templates-2.5.11.jar;C:\Users\Frido\.m2\repository\org\codehaus\groovy\groovy-test\2.5.11\groovy-test-2.5.11.jar;C:\Users\Frido\.m2\repository\org\codehaus\groovy\groovy-sql\2.5.11\groovy-sql-2.5.11.jar;C:\Users\Frido\.m2\repository\org\codehaus\groovy\groovy-xml\2.5.11\groovy-xml-2.5.11.jar;C:\Users\Frido\.m2\repository\org\spockframework\spock-core\1.3-groovy-2.5\spock-core-1.3-groovy-2.5.jar;C:\Users\Frido\.m2\repository\junit\junit\4.13\junit-4.13.jar;C:\Users\Frido\.m2\repository\org\hamcrest\hamcrest-core\2.2\hamcrest-core-2.2.jar;C:\Users\Frido\.m2\repository\com\github\JensPiegsa\wiremock-extension\0.4.0\wiremock-extension-0.4.0.jar;C:\Users\Frido\.m2\repository\com\github\tomakehurst\wiremock\2.19.0\wiremock-2.19.0.jar;C:\Users\Frido\.m2\repository\org\eclipse\jetty\jetty-server\9.4.28.v20200408\jetty-server-9.4.28.v20200408.jar;C:\Users\Frido\.m2\repository\javax\servlet\javax.servlet-api\4.0.1\javax.servlet-api-4.0.1.jar;C:\Users\Frido\.m2\repository\org\eclipse\jetty\jetty-http\9.4.28.v20200408\jetty-http-9.4.28.v20200408.jar;C:\Users\Frido\.m2\repository\org\eclipse\jetty\jetty-io\9.4.28.v20200408\jetty-io-9.4.28.v20200408.jar;C:\Users\Frido\.m2\repository\org\eclipse\jetty\jetty-servlet\9.4.28.v20200408\jetty-servlet-9.4.28.v20200408.jar;C:\Users\Frido\.m2\repository\org\eclipse\jetty\jetty-security\9.4.28.v20200408\jetty-security-9.4.28.v20200408.jar;C:\Users\Frido\.m2\repository\org\eclipse\jetty\jetty-servlets\9.4.28.v20200408\jetty-servlets-9.4.28.v20200408.jar;C:\Users\Frido\.m2\repository\org\eclipse\jetty\jetty-continuation\9.4.28.v20200408\jetty-continuation-9.4.28.v20200408.jar;C:\Users\Frido\.m2\repository\org\eclipse\jetty\jetty-util\9.4.28.v20200408\jetty-util-9.4.28.v20200408.jar;C:\Users\Frido\.m2\repository\org\eclipse\jetty\jetty-webapp\9.4.28.v20200408\jetty-webapp-9.4.28.v20200408.jar;C:\Users\Frido\.m2\repository\org\eclipse\jetty\jetty-xml\9.4.28.v20200408\jetty-xml-9.4.28.v20200408.jar;C:\Users\Frido\.m2\repository\org\xmlunit\xmlunit-legacy\2.7.0\xmlunit-legacy-2.7.0.jar;C:\Users\Frido\.m2\repository\net\sf\jopt-simple\jopt-simple\5.0.3\jopt-simple-5.0.3.jar;C:\Users\Frido\.m2\repository\org\apache\commons\commons-lang3\3.10\commons-lang3-3.10.jar;C:\Users\Frido\.m2\repository\com\flipkart\zjsonpatch\zjsonpatch\0.4.4\zjsonpatch-0.4.4.jar;C:\Users\Frido\.m2\repository\com\github\jknack\handlebars\4.0.7\handlebars-4.0.7.jar;C:\Users\Frido\.m2\repository\com\github\jknack\handlebars-helpers\4.0.7\handlebars-helpers-4.0.7.jar;C:\Users\Frido\.m2\repository\org\springframework\statemachine\spring-statemachine-core\2.1.2.RELEASE\spring-statemachine-core-2.1.2.RELEASE.jar;C:\Users\Frido\.m2\repository\org\springframework\spring-tx\5.2.6.RELEASE\spring-tx-5.2.6.RELEASE.jar;C:\Users\Frido\.m2\repository\org\springframework\spring-messaging\5.2.6.RELEASE\spring-messaging-5.2.6.RELEASE.jar;C:\Users\Frido\.m2\repository\com\atlassian\oai\swagger-request-validator-core\2.10.0\swagger-request-validator-core-2.10.0.jar;C:\Users\Frido\.m2\repository\io\swagger\parser\v3\swagger-parser\2.0.19\swagger-parser-2.0.19.jar;C:\Users\Frido\.m2\repository\io\swagger\parser\v3\swagger-parser-v2-converter\2.0.19\swagger-parser-v2-converter-2.0.19.jar;C:\Users\Frido\.m2\repository\io\swagger\swagger-core\1.6.1\swagger-core-1.6.1.jar;C:\Users\Frido\.m2\repository\io\swagger\swagger-models\1.6.1\swagger-models-1.6.1.jar;C:\Users\Frido\.m2\repository\io\swagger\swagger-annotations\1.6.1\swagger-annotations-1.6.1.jar;C:\Users\Frido\.m2\repository\io\swagger\swagger-parser\1.0.50\swagger-parser-1.0.50.jar;C:\Users\Frido\.m2\repository\io\swagger\swagger-compat-spec-parser\1.0.50\swagger-compat-spec-parser-1.0.50.jar;C:\Users\Frido\.m2\repository\com\github\fge\json-patch\1.6\json-patch-1.6.jar;C:\Users\Frido\.m2\repository\com\github\fge\jackson-coreutils\1.6\jackson-coreutils-1.6.jar;C:\Users\Frido\.m2\repository\io\swagger\core\v3\swagger-models\2.1.2\swagger-models-2.1.2.jar;C:\Users\Frido\.m2\repository\io\swagger\parser\v3\swagger-parser-core\2.0.19\swagger-parser-core-2.0.19.jar;C:\Users\Frido\.m2\repository\io\swagger\parser\v3\swagger-parser-v3\2.0.19\swagger-parser-v3-2.0.19.jar;C:\Users\Frido\.m2\repository\io\swagger\core\v3\swagger-core\2.1.2\swagger-core-2.1.2.jar;C:\Users\Frido\.m2\repository\io\swagger\core\v3\swagger-annotations\2.1.2\swagger-annotations-2.1.2.jar;C:\Users\Frido\.m2\repository\jakarta\validation\jakarta.validation-api\2.0.2\jakarta.validation-api-2.0.2.jar;C:\Users\Frido\.m2\repository\com\fasterxml\jackson\dataformat\jackson-dataformat-yaml\2.11.0\jackson-dataformat-yaml-2.11.0.jar;C:\Users\Frido\.m2\repository\org\slf4j\slf4j-ext\1.7.30\slf4j-ext-1.7.30.jar;C:\Users\Frido\.m2\repository\commons-io\commons-io\2.6\commons-io-2.6.jar;C:\Users\Frido\.m2\repository\com\github\java-json-tools\json-schema-validator\2.2.11\json-schema-validator-2.2.11.jar;C:\Users\Frido\.m2\repository\com\github\java-json-tools\json-schema-core\1.2.10\json-schema-core-1.2.10.jar;C:\Users\Frido\.m2\repository\com\github\java-json-tools\jackson-coreutils\1.9\jackson-coreutils-1.9.jar;C:\Users\Frido\.m2\repository\com\github\fge\msg-simple\1.1\msg-simple-1.1.jar;C:\Users\Frido\.m2\repository\com\github\fge\btf\1.2\btf-1.2.jar;C:\Users\Frido\.m2\repository\com\github\fge\uri-template\0.9\uri-template-0.9.jar;C:\Users\Frido\.m2\repository\org\mozilla\rhino\1.7.7.1\rhino-1.7.7.1.jar;C:\Users\Frido\.m2\repository\com\sun\mail\mailapi\1.6.1\mailapi-1.6.1.jar;C:\Users\Frido\.m2\repository\javax\activation\activation\1.1\activation-1.1.jar;C:\Users\Frido\.m2\repository\joda-time\joda-time\2.9.7\joda-time-2.9.7.jar;C:\Users\Frido\.m2\repository\com\googlecode\libphonenumber\libphonenumber\8.0.0\libphonenumber-8.0.0.jar;C:\Users\Frido\.m2\repository\org\slf4j\slf4j-api\1.7.30\slf4j-api-1.7.30.jar;C:\Users\Frido\.m2\repository\com\google\guava\guava\28.2-android\guava-28.2-android.jar;C:\Users\Frido\.m2\repository\com\google\guava\failureaccess\1.0.1\failureaccess-1.0.1.jar;C:\Users\Frido\.m2\repository\com\google\guava\listenablefuture\9999.0-empty-to-avoid-conflict-with-guava\listenablefuture-9999.0-empty-to-avoid-conflict-with-guava.jar;C:\Users\Frido\.m2\repository\org\checkerframework\checker-compat-qual\2.5.5\checker-compat-qual-2.5.5.jar;C:\Users\Frido\.m2\repository\com\google\errorprone\error_prone_annotations\2.3.4\error_prone_annotations-2.3.4.jar;C:\Users\Frido\.m2\repository\com\google\j2objc\j2objc-annotations\1.3\j2objc-annotations-1.3.jar;C:\Users\Frido\.m2\repository\com\google\code\findbugs\jsr305\3.0.2\jsr305-3.0.2.jar;C:\Users\Frido\.m2\repository\com\fasterxml\jackson\datatype\jackson-datatype-jdk8\2.11.0\jackson-datatype-jdk8-2.11.0.jar;C:\Users\Frido\.m2\repository\com\atlassian\oai\swagger-request-validator-mockmvc\2.10.0\swagger-request-validator-mockmvc-2.10.0.jar;C:\Users\Frido\.m2\repository\org\springframework\spring-test\5.2.6.RELEASE\spring-test-5.2.6.RELEASE.jar;C:\Users\Frido\.m2\repository\com\atlassian\oai\swagger-request-validator-springmvc\2.10.0\swagger-request-validator-springmvc-2.10.0.jar;C:\Users\Frido\.m2\repository\org\springframework\boot\spring-boot-starter-test\2.3.0.RELEASE\spring-boot-starter-test-2.3.0.RELEASE.jar;C:\Users\Frido\.m2\repository\org\springframework\boot\spring-boot-test\2.3.0.RELEASE\spring-boot-test-2.3.0.RELEASE.jar;C:\Users\Frido\.m2\repository\org\springframework\boot\spring-boot-test-autoconfigure\2.3.0.RELEASE\spring-boot-test-autoconfigure-2.3.0.RELEASE.jar;C:\Users\Frido\.m2\repository\com\jayway\jsonpath\json-path\2.4.0\json-path-2.4.0.jar;C:\Users\Frido\.m2\repository\net\minidev\json-smart\2.3\json-smart-2.3.jar;C:\Users\Frido\.m2\repository\net\minidev\accessors-smart\1.2\accessors-smart-1.2.jar;C:\Users\Frido\.m2\repository\org\ow2\asm\asm\5.0.4\asm-5.0.4.jar;C:\Users\Frido\.m2\repository\jakarta\xml\bind\jakarta.xml.bind-api\2.3.3\jakarta.xml.bind-api-2.3.3.jar;C:\Users\Frido\.m2\repository\jakarta\activation\jakarta.activation-api\1.2.2\jakarta.activation-api-1.2.2.jar;C:\Users\Frido\.m2\repository\org\assertj\assertj-core\3.16.1\assertj-core-3.16.1.jar;C:\Users\Frido\.m2\repository\org\junit\jupiter\junit-jupiter\5.6.2\junit-jupiter-5.6.2.jar;C:\Users\Frido\.m2\repository\org\junit\jupiter\junit-jupiter-params\5.6.2\junit-jupiter-params-5.6.2.jar;C:\Users\Frido\.m2\repository\org\junit\vintage\junit-vintage-engine\5.6.2\junit-vintage-engine-5.6.2.jar;C:\Users\Frido\.m2\repository\org\skyscreamer\jsonassert\1.5.0\jsonassert-1.5.0.jar;C:\Users\Frido\.m2\repository\com\vaadin\external\google\android-json\0.0.20131108.vaadin1\android-json-0.0.20131108.vaadin1.jar;C:\Users\Frido\.m2\repository\org\xmlunit\xmlunit-core\2.7.0\xmlunit-core-2.7.0.jar;"/>
    <property name="sun.cpu.endian" value="little"/>
    <property name="user.home" value="C:\Users\Frido"/>
    <property name="user.language" value="zh"/>
    <property name="java.specification.vendor" value="Oracle Corporation"/>
    <property name="java.version.date" value="2018-09-25"/>
    <property name="java.home" value="C:\Program Files\Java\jdk-11"/>
    <property name="file.separator" value="\"/>
    <property name="basedir" value="C:\Users\Frido\spring\micro\mssc-brewery-ws\mssc-beer-inventory-service"/>
    <property name="java.vm.compressedOopsMode" value="Zero based"/>
    <property name="line.separator" value="&#10;"/>
    <property name="java.specification.name" value="Java Platform API Specification"/>
    <property name="java.vm.specification.vendor" value="Oracle Corporation"/>
    <property name="java.awt.graphicsenv" value="sun.awt.Win32GraphicsEnvironment"/>
    <property name="surefire.real.class.path" value="C:\Windows\TEMP\surefire11876012860865013302\surefirebooter852468990959187891.jar"/>
    <property name="user.script" value=""/>
    <property name="sun.management.compiler" value="HotSpot 64-Bit Tiered Compilers"/>
    <property name="java.runtime.version" value="11+28"/>
    <property name="user.name" value="Frido"/>
    <property name="path.separator" value=";"/>
    <property name="os.version" value="10.0"/>
    <property name="java.runtime.name" value="Java(TM) SE Runtime Environment"/>
    <property name="file.encoding" value="GBK"/>
    <property name="java.vm.name" value="Java HotSpot(TM) 64-Bit Server VM"/>
    <property name="java.vendor.version" value="18.9"/>
    <property name="localRepository" value="C:\Users\Frido\.m2\repository"/>
    <property name="java.vendor.url.bug" value="http://bugreport.java.com/bugreport/"/>
    <property name="java.io.tmpdir" value="C:\Windows\TEMP\"/>
    <property name="idea.version" value="2020.3.1"/>
    <property name="java.version" value="11"/>
    <property name="user.dir" value="C:\Users\Frido\spring\micro\mssc-brewery-ws\mssc-beer-inventory-service"/>
    <property name="os.arch" value="amd64"/>
    <property name="java.vm.specification.name" value="Java Virtual Machine Specification"/>
    <property name="java.awt.printerjob" value="sun.awt.windows.WPrinterJob"/>
    <property name="sun.os.patch.level" value=""/>
    <property name="java.library.path" value="C:\Program Files\Java\jdk-11\bin;C:\Windows\Sun\Java\bin;C:\Windows\system32;C:\Windows;C:\Python38\Scripts\;C:\Python38\;C:\Program Files (x86)\Python38-32\Scripts\;C:\Program Files (x86)\Python38-32\;C:\Windows\system32;C:\Windows;C:\Windows\System32\Wbem;C:\Windows\System32\WindowsPowerShell\v1.0\;C:\windows-amd64;C:\ProgramData\chocolatey\bin;C:\Program Files (x86)\curl-7.70.0-win64-mingw;C:\terraform;C:\Program Files\Git\cmd;C:\Program Files\Git\bin;C:\Program Files\Git\mingw64\libexec\git-core;C:\Program Files\Git\mingw64\bin;C:\Program Files\Amazon\AWSCLIV2\;C:\Program Files\nodejs\;C:\HashiCorp\Vagrant\bin;C:\kube;C:\Program Files (x86)\kube;C:\Program Files\Docker\Docker\resources\bin;C:\ProgramData\DockerDesktop\version-bin;C:\Users\Frido\AppData\Local\Programs\Microsoft VS Code\bin;C:\Program Files\Java\jdk-11\bin;C:\maven\apache-maven-3.6.3\bin;C:\gradle\gradle-5.6.4-all\gradle-5.6.4\bin\;C:\Program Files\Java\jdk-11\jre\bin;;."/>
    <property name="java.vendor" value="Oracle Corporation"/>
    <property name="java.vm.info" value="mixed mode"/>
    <property name="java.vm.version" value="11+28"/>
    <property name="sun.io.unicode.encoding" value="UnicodeLittle"/>
    <property name="java.class.version" value="55.0"/>
  </properties>
  <testcase name="contextLoads" classname="guru.sfg.beer.inventory.service.BeerInventoryApplicationTests" time="0.171"/>
</testsuite>